<?xml version="1.0" encoding="UTF-8"?>
<!-- Generated by org.testng.reporters.JUnitReportReporter -->
<testsuite hostname="ulaptop" failures="0" tests="1" name="cucumberOptions.TestNGRunner" time="9.023" errors="0" timestamp="2023-08-27T01:37:47 CDT" skipped="0">
  <testcase classname="cucumberOptions.TestNGRunner" name="runScenario" time="9.023"/>
</testsuite> <!-- cucumberOptions.TestNGRunner -->
